[0.580s] Invoking command in '/home/matsunaga/ros2_ws/src/mypkg': PYTHONPATH=/home/matsunaga/ros2_ws/src/mypkg/build/mypkg/prefix_override:/home/matsunaga/ros2_ws/src/mypkg/install/mypkg/lib/python3.8/site-packages:${PYTHONPATH} /usr/bin/python3 setup.py egg_info --egg-base build/mypkg build --build-base /home/matsunaga/ros2_ws/src/mypkg/build/mypkg/build install --record /home/matsunaga/ros2_ws/src/mypkg/build/mypkg/install.log --install-scripts $base/lib/mypkg --single-version-externally-managed
[0.747s] running egg_info
[0.750s] writing build/mypkg/mypkg.egg-info/PKG-INFO
[0.751s] writing dependency_links to build/mypkg/mypkg.egg-info/dependency_links.txt
[0.751s] writing entry points to build/mypkg/mypkg.egg-info/entry_points.txt
[0.751s] writing requirements to build/mypkg/mypkg.egg-info/requires.txt
[0.752s] writing top-level names to build/mypkg/mypkg.egg-info/top_level.txt
[0.782s] reading manifest file 'build/mypkg/mypkg.egg-info/SOURCES.txt'
[0.783s] writing manifest file 'build/mypkg/mypkg.egg-info/SOURCES.txt'
[0.783s] running build
[0.784s] running build_py
[0.784s] copying mypkg/talker.py -> /home/matsunaga/ros2_ws/src/mypkg/build/mypkg/build/lib/mypkg
[0.786s] copying mypkg/listener.py -> /home/matsunaga/ros2_ws/src/mypkg/build/mypkg/build/lib/mypkg
[0.787s] running install
[0.788s] running install_lib
[0.789s] copying /home/matsunaga/ros2_ws/src/mypkg/build/mypkg/build/lib/mypkg/talker.py -> /home/matsunaga/ros2_ws/src/mypkg/install/mypkg/lib/python3.8/site-packages/mypkg
[0.789s] copying /home/matsunaga/ros2_ws/src/mypkg/build/mypkg/build/lib/mypkg/listener.py -> /home/matsunaga/ros2_ws/src/mypkg/install/mypkg/lib/python3.8/site-packages/mypkg
[0.790s] byte-compiling /home/matsunaga/ros2_ws/src/mypkg/install/mypkg/lib/python3.8/site-packages/mypkg/talker.py to talker.cpython-38.pyc
[0.792s] byte-compiling /home/matsunaga/ros2_ws/src/mypkg/install/mypkg/lib/python3.8/site-packages/mypkg/listener.py to listener.cpython-38.pyc
[0.792s] running install_data
[0.793s] copying package.xml -> /home/matsunaga/ros2_ws/src/mypkg/install/mypkg/share/mypkg
[0.793s] copying launch/talk_listen.launch.py -> /home/matsunaga/ros2_ws/src/mypkg/install/mypkg/share/mypkg
[0.794s] running install_egg_info
[0.796s] removing '/home/matsunaga/ros2_ws/src/mypkg/install/mypkg/lib/python3.8/site-packages/mypkg-0.0.0-py3.8.egg-info' (and everything under it)
[0.797s] Copying build/mypkg/mypkg.egg-info to /home/matsunaga/ros2_ws/src/mypkg/install/mypkg/lib/python3.8/site-packages/mypkg-0.0.0-py3.8.egg-info
[0.798s] running install_scripts
[0.815s] Installing listener script to /home/matsunaga/ros2_ws/src/mypkg/install/mypkg/lib/mypkg
[0.816s] Installing talker script to /home/matsunaga/ros2_ws/src/mypkg/install/mypkg/lib/mypkg
[0.816s] writing list of installed files to '/home/matsunaga/ros2_ws/src/mypkg/build/mypkg/install.log'
[0.842s] Invoked command in '/home/matsunaga/ros2_ws/src/mypkg' returned '0': PYTHONPATH=/home/matsunaga/ros2_ws/src/mypkg/build/mypkg/prefix_override:/home/matsunaga/ros2_ws/src/mypkg/install/mypkg/lib/python3.8/site-packages:${PYTHONPATH} /usr/bin/python3 setup.py egg_info --egg-base build/mypkg build --build-base /home/matsunaga/ros2_ws/src/mypkg/build/mypkg/build install --record /home/matsunaga/ros2_ws/src/mypkg/build/mypkg/install.log --install-scripts $base/lib/mypkg --single-version-externally-managed
