[1.302s] Invoking command in '/home/matsunaga/ros2_ws/src/mypkg': PYTHONPATH=/home/matsunaga/ros2_ws/src/mypkg/install/mypkg/lib/python3.8/site-packages:${PYTHONPATH} /usr/bin/python3 setup.py egg_info --egg-base build/mypkg build --build-base /home/matsunaga/ros2_ws/src/mypkg/build/mypkg/build install --prefix /home/matsunaga/ros2_ws/src/mypkg/install/mypkg --record /home/matsunaga/ros2_ws/src/mypkg/build/mypkg/install.log --single-version-externally-managed
[1.692s] running egg_info
[1.694s] writing build/mypkg/mypkg.egg-info/PKG-INFO
[1.694s] writing dependency_links to build/mypkg/mypkg.egg-info/dependency_links.txt
[1.695s] writing entry points to build/mypkg/mypkg.egg-info/entry_points.txt
[1.695s] writing requirements to build/mypkg/mypkg.egg-info/requires.txt
[1.695s] writing top-level names to build/mypkg/mypkg.egg-info/top_level.txt
[1.765s] reading manifest file 'build/mypkg/mypkg.egg-info/SOURCES.txt'
[1.767s] writing manifest file 'build/mypkg/mypkg.egg-info/SOURCES.txt'
[1.767s] running build
[1.767s] running build_py
[1.768s] copying mypkg/talker.py -> /home/matsunaga/ros2_ws/src/mypkg/build/mypkg/build/lib/mypkg
[1.768s] running install
[1.769s] running install_lib
[1.770s] copying /home/matsunaga/ros2_ws/src/mypkg/build/mypkg/build/lib/mypkg/talker.py -> /home/matsunaga/ros2_ws/src/mypkg/install/mypkg/lib/python3.8/site-packages/mypkg
[1.771s] byte-compiling /home/matsunaga/ros2_ws/src/mypkg/install/mypkg/lib/python3.8/site-packages/mypkg/talker.py to talker.cpython-38.pyc
[1.774s] running install_data
[1.775s] copying package.xml -> /home/matsunaga/ros2_ws/src/mypkg/install/mypkg/share/mypkg
[1.776s] running install_egg_info
[1.779s] removing '/home/matsunaga/ros2_ws/src/mypkg/install/mypkg/lib/python3.8/site-packages/mypkg-0.0.0-py3.8.egg-info' (and everything under it)
[1.781s] Copying build/mypkg/mypkg.egg-info to /home/matsunaga/ros2_ws/src/mypkg/install/mypkg/lib/python3.8/site-packages/mypkg-0.0.0-py3.8.egg-info
[1.782s] running install_scripts
[1.815s] Installing talker script to /home/matsunaga/ros2_ws/src/mypkg/install/mypkg/lib/mypkg
[1.816s] writing list of installed files to '/home/matsunaga/ros2_ws/src/mypkg/build/mypkg/install.log'
[1.859s] Invoked command in '/home/matsunaga/ros2_ws/src/mypkg' returned '0': PYTHONPATH=/home/matsunaga/ros2_ws/src/mypkg/install/mypkg/lib/python3.8/site-packages:${PYTHONPATH} /usr/bin/python3 setup.py egg_info --egg-base build/mypkg build --build-base /home/matsunaga/ros2_ws/src/mypkg/build/mypkg/build install --prefix /home/matsunaga/ros2_ws/src/mypkg/install/mypkg --record /home/matsunaga/ros2_ws/src/mypkg/build/mypkg/install.log --single-version-externally-managed
