[1.357s] Invoking command in '/home/matsunaga/ros2_ws/src/mypkg': PYTHONPATH=/home/matsunaga/ros2_ws/src/mypkg/install/mypkg/lib/python3.8/site-packages:${PYTHONPATH} /usr/bin/python3 setup.py egg_info --egg-base build/mypkg build --build-base /home/matsunaga/ros2_ws/src/mypkg/build/mypkg/build install --prefix /home/matsunaga/ros2_ws/src/mypkg/install/mypkg --record /home/matsunaga/ros2_ws/src/mypkg/build/mypkg/install.log --single-version-externally-managed
[1.807s] running egg_info
[1.808s] writing build/mypkg/mypkg.egg-info/PKG-INFO
[1.809s] writing dependency_links to build/mypkg/mypkg.egg-info/dependency_links.txt
[1.810s] writing entry points to build/mypkg/mypkg.egg-info/entry_points.txt
[1.810s] writing requirements to build/mypkg/mypkg.egg-info/requires.txt
[1.810s] writing top-level names to build/mypkg/mypkg.egg-info/top_level.txt
[1.895s] reading manifest file 'build/mypkg/mypkg.egg-info/SOURCES.txt'
[1.897s] writing manifest file 'build/mypkg/mypkg.egg-info/SOURCES.txt'
[1.897s] running build
[1.898s] running build_py
[1.899s] running install
[1.900s] running install_lib
[1.902s] running install_data
[1.903s] running install_egg_info
[1.907s] removing '/home/matsunaga/ros2_ws/src/mypkg/install/mypkg/lib/python3.8/site-packages/mypkg-0.0.0-py3.8.egg-info' (and everything under it)
[1.910s] Copying build/mypkg/mypkg.egg-info to /home/matsunaga/ros2_ws/src/mypkg/install/mypkg/lib/python3.8/site-packages/mypkg-0.0.0-py3.8.egg-info
[1.911s] running install_scripts
[1.951s] Installing talker script to /home/matsunaga/ros2_ws/src/mypkg/install/mypkg/lib/mypkg
[1.952s] writing list of installed files to '/home/matsunaga/ros2_ws/src/mypkg/build/mypkg/install.log'
[2.001s] Invoked command in '/home/matsunaga/ros2_ws/src/mypkg' returned '0': PYTHONPATH=/home/matsunaga/ros2_ws/src/mypkg/install/mypkg/lib/python3.8/site-packages:${PYTHONPATH} /usr/bin/python3 setup.py egg_info --egg-base build/mypkg build --build-base /home/matsunaga/ros2_ws/src/mypkg/build/mypkg/build install --prefix /home/matsunaga/ros2_ws/src/mypkg/install/mypkg --record /home/matsunaga/ros2_ws/src/mypkg/build/mypkg/install.log --single-version-externally-managed
