[1.072s] Invoking command in '/home/matsunaga/ros2_ws/src/mypkg': PYTHONPATH=/home/matsunaga/ros2_ws/src/mypkg/install/mypkg/lib/python3.8/site-packages:${PYTHONPATH} /usr/bin/python3 setup.py egg_info --egg-base build/mypkg build --build-base /home/matsunaga/ros2_ws/src/mypkg/build/mypkg/build install --prefix /home/matsunaga/ros2_ws/src/mypkg/install/mypkg --record /home/matsunaga/ros2_ws/src/mypkg/build/mypkg/install.log --single-version-externally-managed
[1.265s] running egg_info
[1.266s] creating build/mypkg/mypkg.egg-info
[1.266s] writing build/mypkg/mypkg.egg-info/PKG-INFO
[1.267s] writing dependency_links to build/mypkg/mypkg.egg-info/dependency_links.txt
[1.268s] writing entry points to build/mypkg/mypkg.egg-info/entry_points.txt
[1.269s] writing requirements to build/mypkg/mypkg.egg-info/requires.txt
[1.269s] writing top-level names to build/mypkg/mypkg.egg-info/top_level.txt
[1.274s] writing manifest file 'build/mypkg/mypkg.egg-info/SOURCES.txt'
[1.306s] reading manifest file 'build/mypkg/mypkg.egg-info/SOURCES.txt'
[1.307s] writing manifest file 'build/mypkg/mypkg.egg-info/SOURCES.txt'
[1.307s] running build
[1.307s] running build_py
[1.307s] creating /home/matsunaga/ros2_ws/src/mypkg/build/mypkg/build
[1.307s] creating /home/matsunaga/ros2_ws/src/mypkg/build/mypkg/build/lib
[1.308s] creating /home/matsunaga/ros2_ws/src/mypkg/build/mypkg/build/lib/mypkg
[1.308s] copying mypkg/talker.py -> /home/matsunaga/ros2_ws/src/mypkg/build/mypkg/build/lib/mypkg
[1.308s] copying mypkg/__init__.py -> /home/matsunaga/ros2_ws/src/mypkg/build/mypkg/build/lib/mypkg
[1.308s] running install
[1.310s] running install_lib
[1.311s] creating /home/matsunaga/ros2_ws/src/mypkg/install/mypkg/lib/python3.8/site-packages/mypkg
[1.311s] copying /home/matsunaga/ros2_ws/src/mypkg/build/mypkg/build/lib/mypkg/talker.py -> /home/matsunaga/ros2_ws/src/mypkg/install/mypkg/lib/python3.8/site-packages/mypkg
[1.314s] copying /home/matsunaga/ros2_ws/src/mypkg/build/mypkg/build/lib/mypkg/__init__.py -> /home/matsunaga/ros2_ws/src/mypkg/install/mypkg/lib/python3.8/site-packages/mypkg
[1.314s] byte-compiling /home/matsunaga/ros2_ws/src/mypkg/install/mypkg/lib/python3.8/site-packages/mypkg/talker.py to talker.cpython-38.pyc
[1.318s] byte-compiling /home/matsunaga/ros2_ws/src/mypkg/install/mypkg/lib/python3.8/site-packages/mypkg/__init__.py to __init__.cpython-38.pyc
[1.318s] running install_data
[1.319s] creating /home/matsunaga/ros2_ws/src/mypkg/install/mypkg/share
[1.319s] creating /home/matsunaga/ros2_ws/src/mypkg/install/mypkg/share/ament_index
[1.320s] creating /home/matsunaga/ros2_ws/src/mypkg/install/mypkg/share/ament_index/resource_index
[1.321s] creating /home/matsunaga/ros2_ws/src/mypkg/install/mypkg/share/ament_index/resource_index/packages
[1.321s] copying resource/mypkg -> /home/matsunaga/ros2_ws/src/mypkg/install/mypkg/share/ament_index/resource_index/packages
[1.322s] creating /home/matsunaga/ros2_ws/src/mypkg/install/mypkg/share/mypkg
[1.323s] copying package.xml -> /home/matsunaga/ros2_ws/src/mypkg/install/mypkg/share/mypkg
[1.323s] running install_egg_info
[1.323s] Copying build/mypkg/mypkg.egg-info to /home/matsunaga/ros2_ws/src/mypkg/install/mypkg/lib/python3.8/site-packages/mypkg-0.0.0-py3.8.egg-info
[1.326s] running install_scripts
[1.340s] Installing talker script to /home/matsunaga/ros2_ws/src/mypkg/install/mypkg/lib/mypkg
[1.341s] writing list of installed files to '/home/matsunaga/ros2_ws/src/mypkg/build/mypkg/install.log'
[1.372s] Invoked command in '/home/matsunaga/ros2_ws/src/mypkg' returned '0': PYTHONPATH=/home/matsunaga/ros2_ws/src/mypkg/install/mypkg/lib/python3.8/site-packages:${PYTHONPATH} /usr/bin/python3 setup.py egg_info --egg-base build/mypkg build --build-base /home/matsunaga/ros2_ws/src/mypkg/build/mypkg/build install --prefix /home/matsunaga/ros2_ws/src/mypkg/install/mypkg --record /home/matsunaga/ros2_ws/src/mypkg/build/mypkg/install.log --single-version-externally-managed
