[1.277s] Invoking command in '/home/matsunaga/ros2_ws/src/mypkg': PYTHONPATH=/home/matsunaga/ros2_ws/src/mypkg/install/mypkg/lib/python3.8/site-packages:${PYTHONPATH} /usr/bin/python3 setup.py egg_info --egg-base build/mypkg build --build-base /home/matsunaga/ros2_ws/src/mypkg/build/mypkg/build install --prefix /home/matsunaga/ros2_ws/src/mypkg/install/mypkg --record /home/matsunaga/ros2_ws/src/mypkg/build/mypkg/install.log --single-version-externally-managed
[1.709s] running egg_info
[1.710s] writing build/mypkg/mypkg.egg-info/PKG-INFO
[1.711s] writing dependency_links to build/mypkg/mypkg.egg-info/dependency_links.txt
[1.712s] writing entry points to build/mypkg/mypkg.egg-info/entry_points.txt
[1.713s] writing requirements to build/mypkg/mypkg.egg-info/requires.txt
[1.714s] writing top-level names to build/mypkg/mypkg.egg-info/top_level.txt
[1.792s] reading manifest file 'build/mypkg/mypkg.egg-info/SOURCES.txt'
[1.793s] writing manifest file 'build/mypkg/mypkg.egg-info/SOURCES.txt'
[1.794s] running build
[1.794s] running build_py
[1.794s] running install
[1.795s] running install_lib
[1.797s] running install_data
[1.798s] copying package.xml -> /home/matsunaga/ros2_ws/src/mypkg/install/mypkg/share/mypkg
[1.799s] running install_egg_info
[1.801s] removing '/home/matsunaga/ros2_ws/src/mypkg/install/mypkg/lib/python3.8/site-packages/mypkg-0.0.0-py3.8.egg-info' (and everything under it)
[1.802s] Copying build/mypkg/mypkg.egg-info to /home/matsunaga/ros2_ws/src/mypkg/install/mypkg/lib/python3.8/site-packages/mypkg-0.0.0-py3.8.egg-info
[1.804s] running install_scripts
[1.835s] Installing talker script to /home/matsunaga/ros2_ws/src/mypkg/install/mypkg/lib/mypkg
[1.836s] writing list of installed files to '/home/matsunaga/ros2_ws/src/mypkg/build/mypkg/install.log'
[1.877s] Invoked command in '/home/matsunaga/ros2_ws/src/mypkg' returned '0': PYTHONPATH=/home/matsunaga/ros2_ws/src/mypkg/install/mypkg/lib/python3.8/site-packages:${PYTHONPATH} /usr/bin/python3 setup.py egg_info --egg-base build/mypkg build --build-base /home/matsunaga/ros2_ws/src/mypkg/build/mypkg/build install --prefix /home/matsunaga/ros2_ws/src/mypkg/install/mypkg --record /home/matsunaga/ros2_ws/src/mypkg/build/mypkg/install.log --single-version-externally-managed
